<?xml version="1.0" encoding="UTF-8"?>
<testng-results skipped="0" failed="0" ignored="0" total="2" passed="2">
  <reporter-output>
  </reporter-output>
  <suite name="Suite1" duration-ms="25" started-at="2017-12-01T09:33:08Z" finished-at="2017-12-01T09:33:08Z">
    <groups>
    </groups>
    <test name="Regression1" duration-ms="25" started-at="2017-12-01T09:33:08Z" finished-at="2017-12-01T09:33:08Z">
      <class name="testng.test">
        <test-method status="PASS" signature="aFastTest()[pri:0, instance:testng.test@24273305]" name="aFastTest" duration-ms="6" started-at="2017-12-01T17:33:08Z" finished-at="2017-12-01T17:33:08Z">
          <reporter-output>
          </reporter-output>
        </test-method> <!-- aFastTest -->
        <test-method status="PASS" signature="aSlowTest()[pri:0, instance:testng.test@24273305]" name="aSlowTest" duration-ms="0" started-at="2017-12-01T17:33:08Z" finished-at="2017-12-01T17:33:08Z">
          <reporter-output>
          </reporter-output>
        </test-method> <!-- aSlowTest -->
      </class> <!-- testng.test -->
    </test> <!-- Regression1 -->
  </suite> <!-- Suite1 -->
</testng-results>
